# JRE version: OpenJDK Runtime Environment (16.0.2+7) (build 16.0.2+7-67)
# Java VM: OpenJDK 64-Bit Server VM (16.0.2+7-67, mixed mode, tiered, compressed oops, compressed class ptrs, g1 gc, windows-amd64)
GC Precious Log:
 CPUs: 16 total, 16 available
 Memory: 32634M
 Large Page Support: Disabled
 NUMA Support: Disabled
 Compressed Oops: Enabled (Zero based)
 Heap Region Size: 4M
 Heap Min Capacity: 8M
 Heap Initial Capacity: 512M
 Heap Max Capacity: 8160M
 Pre-touch: Disabled
 Parallel Workers: 13
 Concurrent Workers: 3
 Concurrent Refinement Workers: 13
 Periodic GC: Disabled
Heap:
 garbage-first heap   total 655360K, used 177888K [0x0000000602000000, 0x0000000800000000)
  region size 4096K, 1 young (4096K), 1 survivors (4096K)
 Metaspace       used 15863K, committed 16000K, reserved 1064960K
  class space    used 1498K, committed 1536K, reserved 1048576K
GC Heap History (20 events):
Event: 6873.409 GC heap after
{Heap after GC invocations=15850 (full 0):
 garbage-first heap   total 524288K, used 233498K [0x0000000602000000, 0x0000000800000000)
  region size 4096K, 1 young (4096K), 1 survivors (4096K)
 Metaspace       used 15863K, committed 16000K, reserved 1064960K
  class space    used 1498K, committed 1536K, reserved 1048576K
}
Event: 6873.688 GC heap before
{Heap before GC invocations=15850 (full 0):
 garbage-first heap   total 524288K, used 462874K [0x0000000602000000, 0x0000000800000000)
  region size 4096K, 57 young (233472K), 1 survivors (4096K)
 Metaspace       used 15863K, committed 16000K, reserved 1064960K
  class space    used 1498K, committed 1536K, reserved 1048576K
}
Event: 6873.689 GC heap after
{Heap after GC invocations=15851 (full 0):
 garbage-first heap   total 524288K, used 233510K [0x0000000602000000, 0x0000000800000000)
  region size 4096K, 1 young (4096K), 1 survivors (4096K)
 Metaspace       used 15863K, committed 16000K, reserved 1064960K
  class space    used 1498K, committed 1536K, reserved 1048576K
}
Event: 6874.001 GC heap before
{Heap before GC invocations=15851 (full 0):
 garbage-first heap   total 524288K, used 462886K [0x0000000602000000, 0x0000000800000000)
  region size 4096K, 57 young (233472K), 1 survivors (4096K)
 Metaspace       used 15863K, committed 16000K, reserved 1064960K
  class space    used 1498K, committed 1536K, reserved 1048576K
}
Event: 6874.002 GC heap after
{Heap after GC invocations=15852 (full 0):
 garbage-first heap   total 524288K, used 233520K [0x0000000602000000, 0x0000000800000000)
  region size 4096K, 1 young (4096K), 1 survivors (4096K)
 Metaspace       used 15863K, committed 16000K, reserved 1064960K
  class space    used 1498K, committed 1536K, reserved 1048576K
}
Event: 6874.319 GC heap before
{Heap before GC invocations=15852 (full 0):
 garbage-first heap   total 524288K, used 462896K [0x0000000602000000, 0x0000000800000000)
  region size 4096K, 57 young (233472K), 1 survivors (4096K)
 Metaspace       used 15863K, committed 16000K, reserved 1064960K
  class space    used 1498K, committed 1536K, reserved 1048576K
}
Event: 6874.320 GC heap after
{Heap after GC invocations=15853 (full 0):
 garbage-first heap   total 524288K, used 233528K [0x0000000602000000, 0x0000000800000000)
  region size 4096K, 1 young (4096K), 1 survivors (4096K)
 Metaspace       used 15863K, committed 16000K, reserved 1064960K
  class space    used 1498K, committed 1536K, reserved 1048576K
}
Event: 6874.652 GC heap before
{Heap before GC invocations=15853 (full 0):
 garbage-first heap   total 524288K, used 462904K [0x0000000602000000, 0x0000000800000000)
  region size 4096K, 57 young (233472K), 1 survivors (4096K)
 Metaspace       used 15863K, committed 16000K, reserved 1064960K
  class space    used 1498K, committed 1536K, reserved 1048576K
}
Event: 6874.653 GC heap after
{Heap after GC invocations=15854 (full 0):
 garbage-first heap   total 524288K, used 233525K [0x0000000602000000, 0x0000000800000000)
  region size 4096K, 1 young (4096K), 1 survivors (4096K)
 Metaspace       used 15863K, committed 16000K, reserved 1064960K
  class space    used 1498K, committed 1536K, reserved 1048576K
}
Event: 6874.971 GC heap before
{Heap before GC invocations=15854 (full 0):
 garbage-first heap   total 524288K, used 462901K [0x0000000602000000, 0x0000000800000000)
  region size 4096K, 57 young (233472K), 1 survivors (4096K)
 Metaspace       used 15863K, committed 16000K, reserved 1064960K
  class space    used 1498K, committed 1536K, reserved 1048576K
}
Event: 6874.972 GC heap after
{Heap after GC invocations=15855 (full 0):
 garbage-first heap   total 524288K, used 233535K [0x0000000602000000, 0x0000000800000000)
  region size 4096K, 1 young (4096K), 1 survivors (4096K)
 Metaspace       used 15863K, committed 16000K, reserved 1064960K
  class space    used 1498K, committed 1536K, reserved 1048576K
}
Event: 6875.250 GC heap before
{Heap before GC invocations=15855 (full 0):
 garbage-first heap   total 524288K, used 458815K [0x0000000602000000, 0x0000000800000000)
  region size 4096K, 56 young (229376K), 1 survivors (4096K)
 Metaspace       used 15863K, committed 16000K, reserved 1064960K
  class space    used 1498K, committed 1536K, reserved 1048576K
}
Event: 6875.274 GC heap after
{Heap after GC invocations=15856 (full 0):
 garbage-first heap   total 524288K, used 233531K [0x0000000602000000, 0x0000000800000000)
  region size 4096K, 1 young (4096K), 1 survivors (4096K)
 Metaspace       used 15863K, committed 16000K, reserved 1064960K
  class space    used 1498K, committed 1536K, reserved 1048576K
}
Event: 6876.013 GC heap before
{Heap before GC invocations=15857 (full 0):
 garbage-first heap   total 655360K, used 458811K [0x0000000602000000, 0x0000000800000000)
  region size 4096K, 56 young (229376K), 1 survivors (4096K)
 Metaspace       used 15863K, committed 16000K, reserved 1064960K
  class space    used 1498K, committed 1536K, reserved 1048576K
}
Event: 6876.015 GC heap after
{Heap after GC invocations=15858 (full 0):
 garbage-first heap   total 655360K, used 233554K [0x0000000602000000, 0x0000000800000000)
  region size 4096K, 1 young (4096K), 1 survivors (4096K)
 Metaspace       used 15863K, committed 16000K, reserved 1064960K
  class space    used 1498K, committed 1536K, reserved 1048576K
}
Event: 6876.043 GC heap before
{Heap before GC invocations=15858 (full 0):
 garbage-first heap   total 655360K, used 262226K [0x0000000602000000, 0x0000000800000000)
  region size 4096K, 8 young (32768K), 1 survivors (4096K)
 Metaspace       used 15863K, committed 16000K, reserved 1064960K
  class space    used 1498K, committed 1536K, reserved 1048576K
}
Event: 6876.360 GC heap after
{Heap after GC invocations=15859 (full 0):
 garbage-first heap   total 655360K, used 209922K [0x0000000602000000, 0x0000000800000000)
  region size 4096K, 1 young (4096K), 1 survivors (4096K)
 Metaspace       used 15863K, committed 16000K, reserved 1064960K
  class space    used 1498K, committed 1536K, reserved 1048576K
}
Event: 6876.415 GC heap before
{Heap before GC invocations=15859 (full 0):
 garbage-first heap   total 655360K, used 238594K [0x0000000602000000, 0x0000000800000000)
  region size 4096K, 8 young (32768K), 1 survivors (4096K)
 Metaspace       used 15863K, committed 16000K, reserved 1064960K
  class space    used 1498K, committed 1536K, reserved 1048576K
}
Event: 6876.430 GC heap after
{Heap after GC invocations=15860 (full 0):
 garbage-first heap   total 655360K, used 195471K [0x0000000602000000, 0x0000000800000000)
  region size 4096K, 1 young (4096K), 1 survivors (4096K)
 Metaspace       used 15863K, committed 16000K, reserved 1064960K
  class space    used 1498K, committed 1536K, reserved 1048576K
}
Event: 6876.460 GC heap before
{Heap before GC invocations=15860 (full 0):
 garbage-first heap   total 655360K, used 224143K [0x0000000602000000, 0x0000000800000000)
  region size 4096K, 8 young (32768K), 1 survivors (4096K)
 Metaspace       used 15863K, committed 16000K, reserved 1064960K
  class space    used 1498K, committed 1536K, reserved 1048576K
}

