# JRE version: OpenJDK Runtime Environment (16.0.2+7) (build 16.0.2+7-67)
# Java VM: OpenJDK 64-Bit Server VM (16.0.2+7-67, mixed mode, tiered, compressed oops, compressed class ptrs, g1 gc, windows-amd64)
GC Precious Log:
 CPUs: 16 total, 16 available
 Memory: 32634M
 Large Page Support: Disabled
 NUMA Support: Disabled
 Compressed Oops: Enabled (Zero based)
 Heap Region Size: 4M
 Heap Min Capacity: 8M
 Heap Initial Capacity: 512M
 Heap Max Capacity: 8160M
 Pre-touch: Disabled
 Parallel Workers: 13
 Concurrent Workers: 3
 Concurrent Refinement Workers: 13
 Periodic GC: Disabled
Heap:
 garbage-first heap   total 524288K, used 159605K [0x0000000602000000, 0x0000000800000000)
  region size 4096K, 1 young (4096K), 1 survivors (4096K)
 Metaspace       used 15844K, committed 16000K, reserved 1064960K
  class space    used 1505K, committed 1600K, reserved 1048576K
GC Heap History (20 events):
Event: 7707.755 GC heap after
{Heap after GC invocations=12315 (full 0):
 garbage-first heap   total 524288K, used 159527K [0x0000000602000000, 0x0000000800000000)
  region size 4096K, 1 young (4096K), 1 survivors (4096K)
 Metaspace       used 15844K, committed 16000K, reserved 1064960K
  class space    used 1505K, committed 1600K, reserved 1048576K
}
Event: 7708.228 GC heap before
{Heap before GC invocations=12315 (full 0):
 garbage-first heap   total 524288K, used 462631K [0x0000000602000000, 0x0000000800000000)
  region size 4096K, 75 young (307200K), 1 survivors (4096K)
 Metaspace       used 15844K, committed 16000K, reserved 1064960K
  class space    used 1505K, committed 1600K, reserved 1048576K
}
Event: 7708.296 GC heap after
{Heap after GC invocations=12316 (full 0):
 garbage-first heap   total 524288K, used 159546K [0x0000000602000000, 0x0000000800000000)
  region size 4096K, 1 young (4096K), 1 survivors (4096K)
 Metaspace       used 15844K, committed 16000K, reserved 1064960K
  class space    used 1505K, committed 1600K, reserved 1048576K
}
Event: 7708.819 GC heap before
{Heap before GC invocations=12316 (full 0):
 garbage-first heap   total 524288K, used 462650K [0x0000000602000000, 0x0000000800000000)
  region size 4096K, 75 young (307200K), 1 survivors (4096K)
 Metaspace       used 15844K, committed 16000K, reserved 1064960K
  class space    used 1505K, committed 1600K, reserved 1048576K
}
Event: 7708.864 GC heap after
{Heap after GC invocations=12317 (full 0):
 garbage-first heap   total 524288K, used 159555K [0x0000000602000000, 0x0000000800000000)
  region size 4096K, 1 young (4096K), 1 survivors (4096K)
 Metaspace       used 15844K, committed 16000K, reserved 1064960K
  class space    used 1505K, committed 1600K, reserved 1048576K
}
Event: 7709.499 GC heap before
{Heap before GC invocations=12317 (full 0):
 garbage-first heap   total 524288K, used 462659K [0x0000000602000000, 0x0000000800000000)
  region size 4096K, 75 young (307200K), 1 survivors (4096K)
 Metaspace       used 15844K, committed 16000K, reserved 1064960K
  class space    used 1505K, committed 1600K, reserved 1048576K
}
Event: 7709.500 GC heap after
{Heap after GC invocations=12318 (full 0):
 garbage-first heap   total 524288K, used 159563K [0x0000000602000000, 0x0000000800000000)
  region size 4096K, 1 young (4096K), 1 survivors (4096K)
 Metaspace       used 15844K, committed 16000K, reserved 1064960K
  class space    used 1505K, committed 1600K, reserved 1048576K
}
Event: 7710.013 GC heap before
{Heap before GC invocations=12318 (full 0):
 garbage-first heap   total 524288K, used 462667K [0x0000000602000000, 0x0000000800000000)
  region size 4096K, 75 young (307200K), 1 survivors (4096K)
 Metaspace       used 15844K, committed 16000K, reserved 1064960K
  class space    used 1505K, committed 1600K, reserved 1048576K
}
Event: 7710.014 GC heap after
{Heap after GC invocations=12319 (full 0):
 garbage-first heap   total 524288K, used 159566K [0x0000000602000000, 0x0000000800000000)
  region size 4096K, 1 young (4096K), 1 survivors (4096K)
 Metaspace       used 15844K, committed 16000K, reserved 1064960K
  class space    used 1505K, committed 1600K, reserved 1048576K
}
Event: 7710.508 GC heap before
{Heap before GC invocations=12319 (full 0):
 garbage-first heap   total 524288K, used 462670K [0x0000000602000000, 0x0000000800000000)
  region size 4096K, 75 young (307200K), 1 survivors (4096K)
 Metaspace       used 15844K, committed 16000K, reserved 1064960K
  class space    used 1505K, committed 1600K, reserved 1048576K
}
Event: 7710.509 GC heap after
{Heap after GC invocations=12320 (full 0):
 garbage-first heap   total 524288K, used 159569K [0x0000000602000000, 0x0000000800000000)
  region size 4096K, 1 young (4096K), 1 survivors (4096K)
 Metaspace       used 15844K, committed 16000K, reserved 1064960K
  class space    used 1505K, committed 1600K, reserved 1048576K
}
Event: 7711.087 GC heap before
{Heap before GC invocations=12320 (full 0):
 garbage-first heap   total 524288K, used 462673K [0x0000000602000000, 0x0000000800000000)
  region size 4096K, 75 young (307200K), 1 survivors (4096K)
 Metaspace       used 15844K, committed 16000K, reserved 1064960K
  class space    used 1505K, committed 1600K, reserved 1048576K
}
Event: 7711.088 GC heap after
{Heap after GC invocations=12321 (full 0):
 garbage-first heap   total 524288K, used 159576K [0x0000000602000000, 0x0000000800000000)
  region size 4096K, 1 young (4096K), 1 survivors (4096K)
 Metaspace       used 15844K, committed 16000K, reserved 1064960K
  class space    used 1505K, committed 1600K, reserved 1048576K
}
Event: 7711.724 GC heap before
{Heap before GC invocations=12321 (full 0):
 garbage-first heap   total 524288K, used 462680K [0x0000000602000000, 0x0000000800000000)
  region size 4096K, 75 young (307200K), 1 survivors (4096K)
 Metaspace       used 15844K, committed 16000K, reserved 1064960K
  class space    used 1505K, committed 1600K, reserved 1048576K
}
Event: 7711.726 GC heap after
{Heap after GC invocations=12322 (full 0):
 garbage-first heap   total 524288K, used 159575K [0x0000000602000000, 0x0000000800000000)
  region size 4096K, 1 young (4096K), 1 survivors (4096K)
 Metaspace       used 15844K, committed 16000K, reserved 1064960K
  class space    used 1505K, committed 1600K, reserved 1048576K
}
Event: 7712.484 GC heap before
{Heap before GC invocations=12322 (full 0):
 garbage-first heap   total 524288K, used 462679K [0x0000000602000000, 0x0000000800000000)
  region size 4096K, 75 young (307200K), 1 survivors (4096K)
 Metaspace       used 15844K, committed 16000K, reserved 1064960K
  class space    used 1505K, committed 1600K, reserved 1048576K
}
Event: 7712.484 GC heap after
{Heap after GC invocations=12323 (full 0):
 garbage-first heap   total 524288K, used 159588K [0x0000000602000000, 0x0000000800000000)
  region size 4096K, 1 young (4096K), 1 survivors (4096K)
 Metaspace       used 15844K, committed 16000K, reserved 1064960K
  class space    used 1505K, committed 1600K, reserved 1048576K
}
Event: 7713.025 GC heap before
{Heap before GC invocations=12323 (full 0):
 garbage-first heap   total 524288K, used 462692K [0x0000000602000000, 0x0000000800000000)
  region size 4096K, 75 young (307200K), 1 survivors (4096K)
 Metaspace       used 15844K, committed 16000K, reserved 1064960K
  class space    used 1505K, committed 1600K, reserved 1048576K
}
Event: 7713.026 GC heap after
{Heap after GC invocations=12324 (full 0):
 garbage-first heap   total 524288K, used 159589K [0x0000000602000000, 0x0000000800000000)
  region size 4096K, 1 young (4096K), 1 survivors (4096K)
 Metaspace       used 15844K, committed 16000K, reserved 1064960K
  class space    used 1505K, committed 1600K, reserved 1048576K
}
Event: 7713.667 GC heap before
{Heap before GC invocations=12324 (full 0):
 garbage-first heap   total 524288K, used 462693K [0x0000000602000000, 0x0000000800000000)
  region size 4096K, 75 young (307200K), 1 survivors (4096K)
 Metaspace       used 15844K, committed 16000K, reserved 1064960K
  class space    used 1505K, committed 1600K, reserved 1048576K
}

