# JRE version: OpenJDK Runtime Environment (16.0.2+7) (build 16.0.2+7-67)
# Java VM: OpenJDK 64-Bit Server VM (16.0.2+7-67, mixed mode, tiered, compressed oops, compressed class ptrs, g1 gc, windows-amd64)
GC Precious Log:
 CPUs: 16 total, 16 available
 Memory: 32634M
 Large Page Support: Disabled
 NUMA Support: Disabled
 Compressed Oops: Enabled (Zero based)
 Heap Region Size: 4M
 Heap Min Capacity: 8M
 Heap Initial Capacity: 512M
 Heap Max Capacity: 8160M
 Pre-touch: Disabled
 Parallel Workers: 13
 Concurrent Workers: 3
 Concurrent Refinement Workers: 13
 Periodic GC: Disabled
Heap:
 garbage-first heap   total 724992K, used 159646K [0x0000000602000000, 0x0000000800000000)
  region size 4096K, 1 young (4096K), 1 survivors (4096K)
 Metaspace       used 15595K, committed 15744K, reserved 1064960K
  class space    used 1483K, committed 1536K, reserved 1048576K
GC Heap History (20 events):
Event: 8308.327 GC heap after
{Heap after GC invocations=17953 (full 0):
 garbage-first heap   total 724992K, used 192247K [0x0000000602000000, 0x0000000800000000)
  region size 4096K, 1 young (4096K), 1 survivors (4096K)
 Metaspace       used 15595K, committed 15744K, reserved 1064960K
  class space    used 1483K, committed 1536K, reserved 1048576K
}
Event: 8308.348 GC heap before
{Heap before GC invocations=17953 (full 0):
 garbage-first heap   total 724992K, used 220919K [0x0000000602000000, 0x0000000800000000)
  region size 4096K, 8 young (32768K), 1 survivors (4096K)
 Metaspace       used 15595K, committed 15744K, reserved 1064960K
  class space    used 1483K, committed 1536K, reserved 1048576K
}
Event: 8308.361 GC heap after
{Heap after GC invocations=17954 (full 0):
 garbage-first heap   total 724992K, used 159416K [0x0000000602000000, 0x0000000800000000)
  region size 4096K, 1 young (4096K), 1 survivors (4096K)
 Metaspace       used 15595K, committed 15744K, reserved 1064960K
  class space    used 1483K, committed 1536K, reserved 1048576K
}
Event: 8309.154 GC heap before
{Heap before GC invocations=17954 (full 0):
 garbage-first heap   total 724992K, used 589496K [0x0000000602000000, 0x0000000800000000)
  region size 4096K, 106 young (434176K), 1 survivors (4096K)
 Metaspace       used 15595K, committed 15744K, reserved 1064960K
  class space    used 1483K, committed 1536K, reserved 1048576K
}
Event: 8309.158 GC heap after
{Heap after GC invocations=17955 (full 0):
 garbage-first heap   total 724992K, used 159425K [0x0000000602000000, 0x0000000800000000)
  region size 4096K, 1 young (4096K), 1 survivors (4096K)
 Metaspace       used 15595K, committed 15744K, reserved 1064960K
  class space    used 1483K, committed 1536K, reserved 1048576K
}
Event: 8309.723 GC heap before
{Heap before GC invocations=17955 (full 0):
 garbage-first heap   total 724992K, used 589505K [0x0000000602000000, 0x0000000800000000)
  region size 4096K, 106 young (434176K), 1 survivors (4096K)
 Metaspace       used 15595K, committed 15744K, reserved 1064960K
  class space    used 1483K, committed 1536K, reserved 1048576K
}
Event: 8309.725 GC heap after
{Heap after GC invocations=17956 (full 0):
 garbage-first heap   total 724992K, used 159536K [0x0000000602000000, 0x0000000800000000)
  region size 4096K, 1 young (4096K), 1 survivors (4096K)
 Metaspace       used 15595K, committed 15744K, reserved 1064960K
  class space    used 1483K, committed 1536K, reserved 1048576K
}
Event: 8310.324 GC heap before
{Heap before GC invocations=17956 (full 0):
 garbage-first heap   total 724992K, used 589616K [0x0000000602000000, 0x0000000800000000)
  region size 4096K, 106 young (434176K), 1 survivors (4096K)
 Metaspace       used 15595K, committed 15744K, reserved 1064960K
  class space    used 1483K, committed 1536K, reserved 1048576K
}
Event: 8310.325 GC heap after
{Heap after GC invocations=17957 (full 0):
 garbage-first heap   total 724992K, used 159611K [0x0000000602000000, 0x0000000800000000)
  region size 4096K, 1 young (4096K), 1 survivors (4096K)
 Metaspace       used 15595K, committed 15744K, reserved 1064960K
  class space    used 1483K, committed 1536K, reserved 1048576K
}
Event: 8310.884 GC heap before
{Heap before GC invocations=17957 (full 0):
 garbage-first heap   total 724992K, used 589691K [0x0000000602000000, 0x0000000800000000)
  region size 4096K, 106 young (434176K), 1 survivors (4096K)
 Metaspace       used 15595K, committed 15744K, reserved 1064960K
  class space    used 1483K, committed 1536K, reserved 1048576K
}
Event: 8310.885 GC heap after
{Heap after GC invocations=17958 (full 0):
 garbage-first heap   total 724992K, used 159609K [0x0000000602000000, 0x0000000800000000)
  region size 4096K, 1 young (4096K), 1 survivors (4096K)
 Metaspace       used 15595K, committed 15744K, reserved 1064960K
  class space    used 1483K, committed 1536K, reserved 1048576K
}
Event: 8311.442 GC heap before
{Heap before GC invocations=17958 (full 0):
 garbage-first heap   total 724992K, used 589689K [0x0000000602000000, 0x0000000800000000)
  region size 4096K, 106 young (434176K), 1 survivors (4096K)
 Metaspace       used 15595K, committed 15744K, reserved 1064960K
  class space    used 1483K, committed 1536K, reserved 1048576K
}
Event: 8311.442 GC heap after
{Heap after GC invocations=17959 (full 0):
 garbage-first heap   total 724992K, used 159621K [0x0000000602000000, 0x0000000800000000)
  region size 4096K, 1 young (4096K), 1 survivors (4096K)
 Metaspace       used 15595K, committed 15744K, reserved 1064960K
  class space    used 1483K, committed 1536K, reserved 1048576K
}
Event: 8312.017 GC heap before
{Heap before GC invocations=17959 (full 0):
 garbage-first heap   total 724992K, used 589701K [0x0000000602000000, 0x0000000800000000)
  region size 4096K, 106 young (434176K), 1 survivors (4096K)
 Metaspace       used 15595K, committed 15744K, reserved 1064960K
  class space    used 1483K, committed 1536K, reserved 1048576K
}
Event: 8312.017 GC heap after
{Heap after GC invocations=17960 (full 0):
 garbage-first heap   total 724992K, used 159625K [0x0000000602000000, 0x0000000800000000)
  region size 4096K, 1 young (4096K), 1 survivors (4096K)
 Metaspace       used 15595K, committed 15744K, reserved 1064960K
  class space    used 1483K, committed 1536K, reserved 1048576K
}
Event: 8312.570 GC heap before
{Heap before GC invocations=17960 (full 0):
 garbage-first heap   total 724992K, used 589705K [0x0000000602000000, 0x0000000800000000)
  region size 4096K, 106 young (434176K), 1 survivors (4096K)
 Metaspace       used 15595K, committed 15744K, reserved 1064960K
  class space    used 1483K, committed 1536K, reserved 1048576K
}
Event: 8312.571 GC heap after
{Heap after GC invocations=17961 (full 0):
 garbage-first heap   total 724992K, used 159636K [0x0000000602000000, 0x0000000800000000)
  region size 4096K, 1 young (4096K), 1 survivors (4096K)
 Metaspace       used 15595K, committed 15744K, reserved 1064960K
  class space    used 1483K, committed 1536K, reserved 1048576K
}
Event: 8313.161 GC heap before
{Heap before GC invocations=17961 (full 0):
 garbage-first heap   total 724992K, used 589716K [0x0000000602000000, 0x0000000800000000)
  region size 4096K, 106 young (434176K), 1 survivors (4096K)
 Metaspace       used 15595K, committed 15744K, reserved 1064960K
  class space    used 1483K, committed 1536K, reserved 1048576K
}
Event: 8313.162 GC heap after
{Heap after GC invocations=17962 (full 0):
 garbage-first heap   total 724992K, used 159644K [0x0000000602000000, 0x0000000800000000)
  region size 4096K, 1 young (4096K), 1 survivors (4096K)
 Metaspace       used 15595K, committed 15744K, reserved 1064960K
  class space    used 1483K, committed 1536K, reserved 1048576K
}
Event: 8313.753 GC heap before
{Heap before GC invocations=17962 (full 0):
 garbage-first heap   total 724992K, used 589724K [0x0000000602000000, 0x0000000800000000)
  region size 4096K, 106 young (434176K), 1 survivors (4096K)
 Metaspace       used 15595K, committed 15744K, reserved 1064960K
  class space    used 1483K, committed 1536K, reserved 1048576K
}

